<?xml version="1.0" encoding="UTF-8"?>
<testsuite name="co.com.bancolombia.demoBancolombia.DemoBancolombiaApplicationTests" tests="1" skipped="0" failures="0" errors="0" timestamp="2020-05-15T15:43:43" hostname="PB0B0870558" time="0.321">
  <properties/>
  <testcase name="contextLoads()" classname="co.com.bancolombia.demoBancolombia.DemoBancolombiaApplicationTests" time="0.321"/>
  <system-out><![CDATA[10:43:40.714 [Test worker] DEBUG org.springframework.test.context.BootstrapUtils - Instantiating CacheAwareContextLoaderDelegate from class [org.springframework.test.context.cache.DefaultCacheAwareContextLoaderDelegate]
10:43:40.734 [Test worker] DEBUG org.springframework.test.context.BootstrapUtils - Instantiating BootstrapContext using constructor [public org.springframework.test.context.support.DefaultBootstrapContext(java.lang.Class,org.springframework.test.context.CacheAwareContextLoaderDelegate)]
10:43:40.771 [Test worker] DEBUG org.springframework.test.context.BootstrapUtils - Instantiating TestContextBootstrapper for test class [co.com.bancolombia.demoBancolombia.DemoBancolombiaApplicationTests] from class [org.springframework.boot.test.context.SpringBootTestContextBootstrapper]
10:43:40.804 [Test worker] INFO org.springframework.boot.test.context.SpringBootTestContextBootstrapper - Neither @ContextConfiguration nor @ContextHierarchy found for test class [co.com.bancolombia.demoBancolombia.DemoBancolombiaApplicationTests], using SpringBootContextLoader
10:43:40.809 [Test worker] DEBUG org.springframework.test.context.support.AbstractContextLoader - Did not detect default resource location for test class [co.com.bancolombia.demoBancolombia.DemoBancolombiaApplicationTests]: class path resource [co/com/bancolombia/demoBancolombia/DemoBancolombiaApplicationTests-context.xml] does not exist
10:43:40.809 [Test worker] DEBUG org.springframework.test.context.support.AbstractContextLoader - Did not detect default resource location for test class [co.com.bancolombia.demoBancolombia.DemoBancolombiaApplicationTests]: class path resource [co/com/bancolombia/demoBancolombia/DemoBancolombiaApplicationTestsContext.groovy] does not exist
10:43:40.809 [Test worker] INFO org.springframework.test.context.support.AbstractContextLoader - Could not detect default resource locations for test class [co.com.bancolombia.demoBancolombia.DemoBancolombiaApplicationTests]: no resource found for suffixes {-context.xml, Context.groovy}.
10:43:40.810 [Test worker] INFO org.springframework.test.context.support.AnnotationConfigContextLoaderUtils - Could not detect default configuration classes for test class [co.com.bancolombia.demoBancolombia.DemoBancolombiaApplicationTests]: DemoBancolombiaApplicationTests does not declare any static, non-private, non-final, nested classes annotated with @Configuration.
10:43:40.866 [Test worker] DEBUG org.springframework.test.context.support.ActiveProfilesUtils - Could not find an 'annotation declaring class' for annotation type [org.springframework.test.context.ActiveProfiles] and class [co.com.bancolombia.demoBancolombia.DemoBancolombiaApplicationTests]
10:43:40.963 [Test worker] DEBUG org.springframework.context.annotation.ClassPathScanningCandidateComponentProvider - Identified candidate component class: file [D:\Demos\demoBancolombia\build\classes\java\main\co\com\bancolombia\demoBancolombia\DemoBancolombiaApplication.class]
10:43:40.969 [Test worker] INFO org.springframework.boot.test.context.SpringBootTestContextBootstrapper - Found @SpringBootConfiguration co.com.bancolombia.demoBancolombia.DemoBancolombiaApplication for test class co.com.bancolombia.demoBancolombia.DemoBancolombiaApplicationTests
10:43:41.113 [Test worker] DEBUG org.springframework.boot.test.context.SpringBootTestContextBootstrapper - @TestExecutionListeners is not present for class [co.com.bancolombia.demoBancolombia.DemoBancolombiaApplicationTests]: using defaults.
10:43:41.115 [Test worker] INFO org.springframework.boot.test.context.SpringBootTestContextBootstrapper - Loaded default TestExecutionListener class names from location [META-INF/spring.factories]: [org.springframework.boot.test.autoconfigure.restdocs.RestDocsTestExecutionListener, org.springframework.boot.test.autoconfigure.web.client.MockRestServiceServerResetTestExecutionListener, org.springframework.boot.test.autoconfigure.web.servlet.MockMvcPrintOnlyOnFailureTestExecutionListener, org.springframework.boot.test.autoconfigure.web.servlet.WebDriverTestExecutionListener, org.springframework.boot.test.mock.mockito.MockitoTestExecutionListener, org.springframework.boot.test.mock.mockito.ResetMocksTestExecutionListener, org.springframework.test.context.web.ServletTestExecutionListener, org.springframework.test.context.support.DirtiesContextBeforeModesTestExecutionListener, org.springframework.test.context.support.DependencyInjectionTestExecutionListener, org.springframework.test.context.support.DirtiesContextTestExecutionListener, org.springframework.test.context.transaction.TransactionalTestExecutionListener, org.springframework.test.context.jdbc.SqlScriptsTestExecutionListener, org.springframework.test.context.event.EventPublishingTestExecutionListener]
10:43:41.136 [Test worker] DEBUG org.springframework.boot.test.context.SpringBootTestContextBootstrapper - Skipping candidate TestExecutionListener [org.springframework.test.context.transaction.TransactionalTestExecutionListener] due to a missing dependency. Specify custom listener classes or make the default listener classes and their required dependencies available. Offending class: [org/springframework/transaction/interceptor/TransactionAttributeSource]
10:43:41.137 [Test worker] DEBUG org.springframework.boot.test.context.SpringBootTestContextBootstrapper - Skipping candidate TestExecutionListener [org.springframework.test.context.jdbc.SqlScriptsTestExecutionListener] due to a missing dependency. Specify custom listener classes or make the default listener classes and their required dependencies available. Offending class: [org/springframework/transaction/interceptor/TransactionAttribute]
10:43:41.137 [Test worker] INFO org.springframework.boot.test.context.SpringBootTestContextBootstrapper - Using TestExecutionListeners: [org.springframework.test.context.web.ServletTestExecutionListener@8aa49cc, org.springframework.test.context.support.DirtiesContextBeforeModesTestExecutionListener@34326fef, org.springframework.boot.test.mock.mockito.MockitoTestExecutionListener@3b49faea, org.springframework.boot.test.autoconfigure.SpringBootDependencyInjectionTestExecutionListener@61fc1afc, org.springframework.test.context.support.DirtiesContextTestExecutionListener@3bc2cb26, org.springframework.test.context.event.EventPublishingTestExecutionListener@1c2896a6, org.springframework.boot.test.autoconfigure.restdocs.RestDocsTestExecutionListener@68c2b163, org.springframework.boot.test.autoconfigure.web.client.MockRestServiceServerResetTestExecutionListener@69e87d7d, org.springframework.boot.test.autoconfigure.web.servlet.MockMvcPrintOnlyOnFailureTestExecutionListener@445e009d, org.springframework.boot.test.autoconfigure.web.servlet.WebDriverTestExecutionListener@1c1b2316, org.springframework.boot.test.mock.mockito.ResetMocksTestExecutionListener@61afc05f]
10:43:41.144 [Test worker] DEBUG org.springframework.test.context.support.AbstractDirtiesContextTestExecutionListener - Before test class: context [DefaultTestContext@5ef48b68 testClass = DemoBancolombiaApplicationTests, testInstance = [null], testMethod = [null], testException = [null], mergedContextConfiguration = [WebMergedContextConfiguration@3319b60b testClass = DemoBancolombiaApplicationTests, locations = '{}', classes = '{class co.com.bancolombia.demoBancolombia.DemoBancolombiaApplication}', contextInitializerClasses = '[]', activeProfiles = '{}', propertySourceLocations = '{}', propertySourceProperties = '{org.springframework.boot.test.context.SpringBootTestContextBootstrapper=true}', contextCustomizers = set[org.springframework.boot.test.autoconfigure.properties.PropertyMappingContextCustomizer@0, org.springframework.boot.test.autoconfigure.web.servlet.WebDriverContextCustomizerFactory$Customizer@593ecc46, org.springframework.boot.test.context.filter.ExcludeFilterContextCustomizer@3ae38137, org.springframework.boot.test.json.DuplicateJsonObjectContextCustomizerFactory$DuplicateJsonObjectContextCustomizer@76474b55, org.springframework.boot.test.mock.mockito.MockitoContextCustomizer@0, org.springframework.boot.test.web.client.TestRestTemplateContextCustomizer@6e81233a, org.springframework.boot.test.context.SpringBootTestArgs@1], resourceBasePath = 'src/main/webapp', contextLoader = 'org.springframework.boot.test.context.SpringBootContextLoader', parent = [null]], attributes = map['org.springframework.test.context.web.ServletTestExecutionListener.activateListener' -> true]], class annotated with @DirtiesContext [false] with mode [null].
10:43:41.181 [Test worker] DEBUG org.springframework.test.context.support.TestPropertySourceUtils - Adding inlined properties to environment: {spring.jmx.enabled=false, org.springframework.boot.test.context.SpringBootTestContextBootstrapper=true, server.port=-1}

  .   ____          _            __ _ _
 /\\ / ___'_ __ _ _(_)_ __  __ _ \ \ \ \
( ( )\___ | '_ | '_| | '_ \/ _` | \ \ \ \
 \\/  ___)| |_)| | | | | || (_| |  ) ) ) )
  '  |____| .__|_| |_|_| |_\__, | / / / /
 =========|_|==============|___/=/_/_/_/
 :: Spring Boot ::        (v2.2.7.RELEASE)

2020-05-15 10:43:41.558  INFO 19596 --- [    Test worker] c.c.b.d.DemoBancolombiaApplicationTests  : Starting DemoBancolombiaApplicationTests on pb0b0870558 with PID 19596 (started by daagiral in D:\Demos\demoBancolombia)
2020-05-15 10:43:41.560  INFO 19596 --- [    Test worker] c.c.b.d.DemoBancolombiaApplicationTests  : No active profile set, falling back to default profiles: default
2020-05-15 10:43:43.201  INFO 19596 --- [    Test worker] o.s.s.concurrent.ThreadPoolTaskExecutor  : Initializing ExecutorService 'applicationTaskExecutor'
2020-05-15 10:43:43.572  INFO 19596 --- [    Test worker] c.c.b.d.DemoBancolombiaApplicationTests  : Started DemoBancolombiaApplicationTests in 2.38 seconds (JVM running for 4.51)
david
31
]]></system-out>
  <system-err><![CDATA[]]></system-err>
</testsuite>
